<?xml version="1.0" encoding="UTF-8"?>
<testsuite name="co.com.ceiba.ceibaestacionamientoapirest.databuilder.FacturaTest" tests="1" skipped="0" failures="0" errors="0" timestamp="2018-07-18T15:02:04" hostname="ANDRES-AVENDANO" time="0.002">
  <properties/>
  <testcase name="crearFacturaTest" classname="co.com.ceiba.ceibaestacionamientoapirest.databuilder.FacturaTest" time="0.002"/>
  <system-out><![CDATA[]]></system-out>
  <system-err><![CDATA[]]></system-err>
</testsuite>
