<?xml version="1.0" encoding="UTF-8"?>
<testsuite name="co.com.ceiba.ceibaestacionamientoapirest.model.dao.FacturaTest" tests="1" skipped="0" failures="0" errors="0" timestamp="2018-07-17T20:43:00" hostname="ANDRES-AVENDANO" time="0.002">
  <properties/>
  <testcase name="crearLibroTest" classname="co.com.ceiba.ceibaestacionamientoapirest.model.dao.FacturaTest" time="0.002"/>
  <system-out><![CDATA[]]></system-out>
  <system-err><![CDATA[]]></system-err>
</testsuite>
